<?xml version="1.0" encoding="UTF-8"?>
<!-- Generated by org.testng.reporters.JUnitReportReporter -->
<testsuite hostname="Olas-MacBook-Pro.local" failures="0" tests="1" name="end_2_end.LogIn_Page_e2e" time="9.485" errors="0" timestamp="2023-12-21T15:25:43 GMT" skipped="0">
  <testcase classname="end_2_end.LogIn_Page_e2e" name="ConfirmUserCanLogIn_Testcase_001" time="9.485"/>
  <system-out/>
</testsuite> <!-- end_2_end.LogIn_Page_e2e -->
