<?xml version="1.0" encoding="UTF-8"?>
<!-- Generated by org.testng.reporters.JUnitReportReporter -->
<testsuite hostname="Olas-MacBook-Pro.local" failures="0" tests="1" name="end_2_end.Result_Page_e2e" time="13.341" errors="0" timestamp="2023-12-20T16:35:03 GMT" skipped="0">
  <testcase classname="end_2_end.Result_Page_e2e" name="CheckFor5Beds_Testcase_003" time="13.341"/>
  <system-out/>
</testsuite> <!-- end_2_end.Result_Page_e2e -->
