<?xml version="1.0" encoding="UTF-8"?>
<!-- Generated by org.testng.reporters.JUnitReportReporter -->
<testsuite hostname="Robs-iPhone.Floor11Domain" failures="0" tests="3" name="end_2_end.Result_Page_e2e" time="49.156" errors="0" timestamp="2024-01-13T11:02:57 GMT" skipped="0">
  <testcase classname="end_2_end.Result_Page_e2e" name="CheckFor5Beds_Testcase_003" time="12.742"/>
  <system-out/>
  <testcase classname="end_2_end.Result_Page_e2e" name="CheckFor2Beds_Testcase_001" time="17.897"/>
  <system-out/>
  <testcase classname="end_2_end.Result_Page_e2e" name="CheckFor3Beds_Testcase_002" time="18.517"/>
  <system-out/>
</testsuite> <!-- end_2_end.Result_Page_e2e -->
