<?xml version="1.0" encoding="UTF-8"?>
<!-- Generated by org.testng.reporters.JUnitReportReporter -->
<testsuite hostname="Olas-MacBook-Pro.local" failures="0" tests="1" name="end_2_end.SignUp_Page_e2e" time="14.411" errors="0" timestamp="2023-12-21T16:20:17 GMT" skipped="0">
  <testcase classname="end_2_end.SignUp_Page_e2e" name="CheckUserCanSignUp_Testcase_001" time="14.411"/>
  <system-out/>
</testsuite> <!-- end_2_end.SignUp_Page_e2e -->
