<?xml version="1.0" encoding="UTF-8"?>
<!-- Generated by org.testng.reporters.JUnitReportReporter -->
<testsuite hostname="Robs-iPhone.Floor11Domain" failures="0" tests="2" name="end_2_end.SignUp_Page_e2e" time="32.403" errors="0" timestamp="2024-02-05T10:35:58 GMT" skipped="0">
  <testcase classname="end_2_end.SignUp_Page_e2e" name="CheckUserCanSignUp_Testcase_001" time="18.158"/>
  <system-out/>
  <testcase classname="end_2_end.SignUp_Page_e2e" name="CheckUserAlreadySignedUp_Testcase_001" time="14.245"/>
  <system-out/>
</testsuite> <!-- end_2_end.SignUp_Page_e2e -->
