<?xml version="1.0" encoding="UTF-8"?>
<!-- Generated by org.testng.reporters.JUnitReportReporter -->
<testsuite hostname="Robs-iPhone.Floor11Domain" failures="0" tests="1" name="end_2_end.LogIn_Page_e2e" time="14.536" errors="0" timestamp="2024-02-05T09:18:33 GMT" skipped="0">
  <testcase classname="end_2_end.LogIn_Page_e2e" name="ConfirmUserCanLogIn_Testcase_001" time="14.536"/>
  <system-out/>
</testsuite> <!-- end_2_end.LogIn_Page_e2e -->
