<?xml version="1.0" encoding="UTF-8"?>
<!-- Generated by org.testng.reporters.JUnitReportReporter -->
<testsuite hostname="Olas-MacBook-Pro.local" failures="0" tests="1" name="end_2_end.LogIn_Page_e2e" time="10.963" errors="0" timestamp="2023-12-20T16:26:47 GMT" skipped="0">
  <testcase classname="end_2_end.LogIn_Page_e2e" name="ConfirmUserCanLogIn_Testcase_001" time="10.963"/>
  <system-out/>
</testsuite> <!-- end_2_end.LogIn_Page_e2e -->
