<?xml version="1.0" encoding="UTF-8"?>
<!-- Generated by org.testng.reporters.JUnitReportReporter -->
<testsuite hostname="Olas-MacBook-Pro.local" failures="0" tests="2" name="end_2_end.SignUp_Page_e2e" time="25.429" errors="0" timestamp="2023-12-20T16:11:33 GMT" skipped="0">
  <testcase classname="end_2_end.SignUp_Page_e2e" name="CheckUserAlreadyHasAnAccount_Testcase_001" time="13.232"/>
  <system-out/>
  <testcase classname="end_2_end.SignUp_Page_e2e" name="CheckUserCanSignUp_Testcase_001" time="12.197"/>
  <system-out/>
</testsuite> <!-- end_2_end.SignUp_Page_e2e -->
