<?xml version="1.0" encoding="UTF-8"?>
<!-- Generated by org.testng.reporters.JUnitReportReporter -->
<testsuite hostname="Robs-iPhone.Floor11Domain" failures="0" tests="1" name="end_2_end.SignUp_Page_e2e" time="13.473" errors="0" timestamp="2023-12-22T15:06:31 GMT" skipped="0">
  <testcase classname="end_2_end.SignUp_Page_e2e" name="CheckUserCanSignUp_Testcase_001" time="13.473"/>
  <system-out/>
</testsuite> <!-- end_2_end.SignUp_Page_e2e -->
