<?xml version="1.0" encoding="UTF-8"?>
<!-- Generated by org.testng.reporters.JUnitReportReporter -->
<testsuite hostname="Olas-MacBook-Pro.local" failures="0" tests="1" name="regression.SignUp_Page_regression" time="17.138" errors="0" timestamp="2024-01-19T23:41:05 GMT" skipped="0">
  <testcase classname="regression.SignUp_Page_regression" name="CheckUserAlreadySignedUp_Testcase_001" time="17.138"/>
  <system-out/>
</testsuite> <!-- regression.SignUp_Page_regression -->
