<?xml version="1.0" encoding="UTF-8"?>
<!-- Generated by org.testng.reporters.JUnitReportReporter -->
<testsuite hostname="Robs-iPhone.Floor11Domain" failures="0" tests="5" name="regression.LogIn_Page_regression" time="35.591" errors="0" timestamp="2023-12-22T14:47:19 GMT" skipped="0">
  <testcase classname="regression.LogIn_Page_regression" name="ConfirmValidEMailFormat_Testcase_003" time="8.008"/>
  <system-out/>
  <testcase classname="regression.LogIn_Page_regression" name="ConfirmErrorMsgForInvalidData_Testcase_005" time="7.486"/>
  <system-out/>
  <testcase classname="regression.LogIn_Page_regression" name="ConfirmUserWrongEmail_Testcase_001" time="6.740"/>
  <system-out/>
  <testcase classname="regression.LogIn_Page_regression" name="ConfirmEmailTakesAphabet_Testcase_004" time="6.765"/>
  <system-out/>
  <testcase classname="regression.LogIn_Page_regression" name="ConfirmUserCorrectEmail_Testcase_002" time="6.592"/>
  <system-out/>
</testsuite> <!-- regression.LogIn_Page_regression -->
