<?xml version="1.0" encoding="UTF-8"?>
<!-- Generated by org.testng.reporters.JUnitReportReporter -->
<testsuite hostname="Olas-MacBook-Pro.local" failures="0" tests="1" name="end_2_end.LogIn_Page_e2e" time="13.152" errors="0" timestamp="2024-01-19T23:29:18 GMT" skipped="0">
  <testcase classname="end_2_end.LogIn_Page_e2e" name="ConfirmUserCanLogIn_Testcase_001" time="13.152"/>
  <system-out/>
</testsuite> <!-- end_2_end.LogIn_Page_e2e -->
