<?xml version="1.0" encoding="UTF-8"?>
<!-- Generated by org.testng.reporters.JUnitReportReporter -->
<testsuite hostname="Olas-MacBook-Pro.local" failures="0" tests="1" name="end_2_end.SignUp_Page_e2e" time="16.429" errors="0" timestamp="2024-01-19T23:37:54 GMT" skipped="0">
  <testcase classname="end_2_end.SignUp_Page_e2e" name="CheckUserAlreadySignedUp_Testcase_001" time="16.429"/>
  <system-out/>
</testsuite> <!-- end_2_end.SignUp_Page_e2e -->
