<?xml version="1.0" encoding="UTF-8"?>
<!-- Generated by org.testng.reporters.JUnitReportReporter -->
<testsuite hostname="Olas-MacBook-Pro.local" failures="0" tests="1" name="regression.LogIn_Page_regression" time="7.933" errors="0" timestamp="2023-12-21T16:43:24 GMT" skipped="0">
  <testcase classname="regression.LogIn_Page_regression" name="ConfirmValidEMailFormat_Testcase_003" time="7.933"/>
  <system-out/>
</testsuite> <!-- regression.LogIn_Page_regression -->
